#
# A fatal error has been detected by the Java Runtime Environment:
#
#  EXCEPTION_ACCESS_VIOLATION (0xc0000005) at pc=0x00007fffce419292, pid=24548, tid=5972
#
# JRE version: Java(TM) SE Runtime Environment (17.0.10+11) (build 17.0.10+11-LTS-240)
# Java VM: Java HotSpot(TM) 64-Bit Server VM (17.0.10+11-LTS-240, mixed mode, sharing, tiered, compressed oops, compressed class ptrs, g1 gc, windows-amd64)
# Problematic frame:
# C  [ntdll.dll+0x69292]
#
# No core dump will be written. Minidumps are not enabled by default on client versions of Windows
#
# If you would like to submit a bug report, please visit:
#   https://bugreport.java.com/bugreport/crash.jsp
#

---------------  S U M M A R Y ------------

Command Line: -XX:MaxMetaspaceSize=512m --add-opens=java.base/java.util=ALL-UNNAMED --add-opens=java.base/java.lang=ALL-UNNAMED --add-opens=java.base/java.lang.invoke=ALL-UNNAMED --add-opens=java.prefs/java.util.prefs=ALL-UNNAMED --add-opens=java.base/java.nio.charset=ALL-UNNAMED --add-opens=java.base/java.net=ALL-UNNAMED --add-opens=java.base/java.util.concurrent.atomic=ALL-UNNAMED -Xmx2048m -Dfile.encoding=windows-1252 -Duser.country=FR -Duser.language=fr -Duser.variant org.gradle.launcher.daemon.bootstrap.GradleDaemon 8.0.1

Host: 13th Gen Intel(R) Core(TM) i7-13700H, 20 cores, 31G,  Windows 11 , 64 bit Build 22621 (10.0.22621.3527)
Time: Mon May 20 03:03:24 2024 Paris, Madrid (heure duild 22621 (10.0.22621.3527) elapsed time: 46.863181 seconds (0d 0h 0m 46s)

---------------  T H R E A D  ---------------

Current thread (0x0000016c44babc80):  JavaThread "C2 CompilerThread1" daemon [_thread_blocked, id=5972, stack(0x0000002446e00000,0x0000002446f00000)]

Stack: [0x0000002446e00000,0x0000002446f00000],  sp=0x0000002446eff3b8,  free space=1020k
Native frames: (J=compiled Java code, j=interpreted, Vv=VM code, C=native code)
C  [ntdll.dll+0x69292]


siginfo: EXCEPTION_ACCESS_VIOLATION (0xc0000005), writing address 0x0000002435aff350


Registers:
RAX=0x0000002446eff3e8, RBX=0x0000002435aff340, RCX=0x0000002446eff3e0, RDX=0x0000002446eff3e0
RSP=0x0000002446eff3b8, RBP=0x0000002446eff410, RSI=0x0000002446eff3e8, RDI=0x0000000000000000
R8 =0x0000002435aff340, R9 =0x0000016c7fd71080, R10=0x0000016c7fd71080, R11=0x0000016c3e8c1450
R12=0x0000002446eff488, R13=0x0000016c44455090, R14=0x0000016c7fd71080, R15=0x0000016c7fd71058
RIP=0x00007fffce419292, EFLAGS=0x0000000000010246


Register to memory mapping:

RIP=0x00007fffce419292 ntdll.dll
RAX=0x0000002446eff3e8 is pointing into the stack for thread: 0x0000016c44babc80
RBX=0x0000002435aff340 is pointing into the stack for thread: 0x0000016c3c100060
RCX=0x0000002446eff3e0 is pointing into the stack for thread: 0x0000016c44babc80
RDX=0x0000002446eff3e0 is pointing into the stack for thread: 0x0000016c44babc80
RSP=0x0000002446eff3b8 is pointing into the stack for thread: 0x0000016c44babc80
RBP=0x0000002446eff410 is pointing into the stack for thread: 0x0000016c44babc80
RSI=0x0000002446eff3e8 is pointing into the stack for thread: 0x0000016c44babc80
RDI=0x0 is NULL
R8 =0x0000002435aff340 is pointing into the stack for thread: 0x0000016c3c100060
R9 =0x0000016c7fd71080 points into unknown readable memory: 0x0000002446eff3e8 | e8 f3 ef 46 24 00 00 00
R10=0x0000016c7fd71080 points into unknown readable memory: 0x0000002446eff3e8 | e8 f3 ef 46 24 00 00 00
R11={method} {0x0000016c3e8c1458} 'read' '(Lorg/gradle/cache/internal/btree/BlockPointer;Ljava/lang/Class;)Lorg/gradle/cache/internal/btree/BlockPayload;' in 'org/gradle/cache/internal/btree/FreeListBlockStore'
R12=0x0000002446eff488 is pointing into the stack for thread: 0x0000016c44babc80
R13=0x0000016c44455090 points into unknown readable memory: 0x0000000000000000 | 00 00 00 00 00 00 00 00
R14=0x0000016c7fd71080 points into unknown readable memory: 0x0000002446eff3e8 | e8 f3 ef 46 24 00 00 00
R15=0x0000016c7fd71058 points into unknown readable memory: 0x0000016c3c0f2320 | 20 23 0f 3c 6c 01 00 00


Top of Stack: (sp=0x0000002446eff3b8)
0x0000002446eff3b8:   00007fffce418d68 0000016c45dd0100
0x0000002446eff3c8:   00007fff4a6f7deb 0000002435aff340
0x0000002446eff3d8:   0000002446eff3e8 0000002435aff340
0x0000002446eff3e8:   0000000000000000 0000000000000000
0x0000002446eff3f8:   0000000000001754 0000000200000000
0x0000002446eff408:   0000000000000000 0000000000000003
0x0000002446eff418:   0000016c7fd71050 0000000000001388
0x0000002446eff428:   0000016c4374c120 0000000000000020
0x0000002446eff438:   00007fffcb9a2ab9 0000000000000000
0x0000002446eff448:   00000000fffffffd 0000016c44babc80
0x0000002446eff458:   00007fff4a6d97e3 00000000fffffffd
0x0000002446eff468:   00007fff4a707139 0000016c435b0490